<<<<<<< HEAD
The system is: Linux - 4.1.10-200.fc22.x86_64 - x86_64
=======
The system is: Linux - 3.16.7-24-desktop - x86_64
>>>>>>> e22755c80a272351e8d52d390663123e2a0e3b0d
Compiling the C compiler identification source file "CMakeCCompilerId.c" succeeded.
Compiler: /usr/bin/clang 
Build flags: 
Id flags: 

The output was:
0


Compilation of the C compiler identification source "CMakeCCompilerId.c" produced "a.out"

<<<<<<< HEAD
The C compiler identification is Clang, found in "/home/gavin/projects/playground/out/CMakeFiles/3.3.2/CompilerIdC/a.out"
=======
The C compiler identification is Clang, found in "/home/gavin/projects/playground/out/CMakeFiles/3.0.2/CompilerIdC/a.out"
>>>>>>> e22755c80a272351e8d52d390663123e2a0e3b0d

Compiling the CXX compiler identification source file "CMakeCXXCompilerId.cpp" succeeded.
Compiler: /usr/bin/clang++ 
Build flags: 
Id flags: 

The output was:
0


Compilation of the CXX compiler identification source "CMakeCXXCompilerId.cpp" produced "a.out"

<<<<<<< HEAD
The CXX compiler identification is Clang, found in "/home/gavin/projects/playground/out/CMakeFiles/3.3.2/CompilerIdCXX/a.out"
=======
The CXX compiler identification is Clang, found in "/home/gavin/projects/playground/out/CMakeFiles/3.0.2/CompilerIdCXX/a.out"
>>>>>>> e22755c80a272351e8d52d390663123e2a0e3b0d

Determining if the C compiler works passed with the following output:
Change Dir: /home/gavin/projects/playground/out/CMakeFiles/CMakeTmp

<<<<<<< HEAD
Run Build Command:"/usr/bin/gmake" "cmTC_9b8a9/fast"
/usr/bin/gmake -f CMakeFiles/cmTC_9b8a9.dir/build.make CMakeFiles/cmTC_9b8a9.dir/build
gmake[1]: Entering directory '/home/gavin/projects/playground/out/CMakeFiles/CMakeTmp'
Building C object CMakeFiles/cmTC_9b8a9.dir/testCCompiler.c.o
/usr/bin/clang    -o CMakeFiles/cmTC_9b8a9.dir/testCCompiler.c.o   -c /home/gavin/projects/playground/out/CMakeFiles/CMakeTmp/testCCompiler.c
Linking C executable cmTC_9b8a9
/usr/bin/cmake -E cmake_link_script CMakeFiles/cmTC_9b8a9.dir/link.txt --verbose=1
/usr/bin/clang       CMakeFiles/cmTC_9b8a9.dir/testCCompiler.c.o  -o cmTC_9b8a9 -rdynamic 
=======
Run Build Command:"/usr/bin/gmake" "cmTryCompileExec2183696780/fast"
/usr/bin/gmake -f CMakeFiles/cmTryCompileExec2183696780.dir/build.make CMakeFiles/cmTryCompileExec2183696780.dir/build
gmake[1]: Entering directory '/home/gavin/projects/playground/out/CMakeFiles/CMakeTmp'
/usr/bin/cmake -E cmake_progress_report /home/gavin/projects/playground/out/CMakeFiles/CMakeTmp/CMakeFiles 1
Building C object CMakeFiles/cmTryCompileExec2183696780.dir/testCCompiler.c.o
/usr/bin/clang    -o CMakeFiles/cmTryCompileExec2183696780.dir/testCCompiler.c.o   -c /home/gavin/projects/playground/out/CMakeFiles/CMakeTmp/testCCompiler.c
Linking C executable cmTryCompileExec2183696780
/usr/bin/cmake -E cmake_link_script CMakeFiles/cmTryCompileExec2183696780.dir/link.txt --verbose=1
/usr/bin/clang       CMakeFiles/cmTryCompileExec2183696780.dir/testCCompiler.c.o  -o cmTryCompileExec2183696780 -rdynamic 
>>>>>>> e22755c80a272351e8d52d390663123e2a0e3b0d
gmake[1]: Leaving directory '/home/gavin/projects/playground/out/CMakeFiles/CMakeTmp'


Detecting C compiler ABI info compiled with the following output:
Change Dir: /home/gavin/projects/playground/out/CMakeFiles/CMakeTmp

<<<<<<< HEAD
Run Build Command:"/usr/bin/gmake" "cmTC_323c6/fast"
/usr/bin/gmake -f CMakeFiles/cmTC_323c6.dir/build.make CMakeFiles/cmTC_323c6.dir/build
gmake[1]: Entering directory '/home/gavin/projects/playground/out/CMakeFiles/CMakeTmp'
Building C object CMakeFiles/cmTC_323c6.dir/CMakeCCompilerABI.c.o
/usr/bin/clang    -o CMakeFiles/cmTC_323c6.dir/CMakeCCompilerABI.c.o   -c /usr/share/cmake/Modules/CMakeCCompilerABI.c
Linking C executable cmTC_323c6
/usr/bin/cmake -E cmake_link_script CMakeFiles/cmTC_323c6.dir/link.txt --verbose=1
/usr/bin/clang      -v CMakeFiles/cmTC_323c6.dir/CMakeCCompilerABI.c.o  -o cmTC_323c6 -rdynamic  
clang version 3.5.0 (tags/RELEASE_350/final)
Target: x86_64-redhat-linux-gnu
Thread model: posix
Found candidate GCC installation: /usr/bin/../lib/gcc/x86_64-redhat-linux/5.1.1
Found candidate GCC installation: /usr/lib/gcc/x86_64-redhat-linux/5.1.1
Selected GCC installation: /usr/bin/../lib/gcc/x86_64-redhat-linux/5.1.1
Candidate multilib: .;@m64
Candidate multilib: 32;@m32
Selected multilib: .;@m64
 "/usr/bin/ld" -export-dynamic --hash-style=gnu --no-add-needed --build-id --eh-frame-hdr -m elf_x86_64 -dynamic-linker /lib64/ld-linux-x86-64.so.2 -o cmTC_323c6 /usr/bin/../lib/gcc/x86_64-redhat-linux/5.1.1/../../../../lib64/crt1.o /usr/bin/../lib/gcc/x86_64-redhat-linux/5.1.1/../../../../lib64/crti.o /usr/bin/../lib/gcc/x86_64-redhat-linux/5.1.1/crtbegin.o -L/usr/bin/../lib/gcc/x86_64-redhat-linux/5.1.1 -L/usr/bin/../lib/gcc/x86_64-redhat-linux/5.1.1/../../../x86_64-linux-gnu -L/usr/bin/../lib/gcc/x86_64-redhat-linux/5.1.1/../../../../lib64 -L/usr/bin/../lib/x86_64-linux-gnu -L/usr/bin/../lib64 -L/lib/x86_64-linux-gnu -L/lib/../lib64 -L/usr/lib/x86_64-linux-gnu -L/usr/lib/../lib64 -L/usr/bin/../lib/gcc/x86_64-redhat-linux/5.1.1/../../.. -L/usr/bin/../lib -L/lib -L/usr/lib CMakeFiles/cmTC_323c6.dir/CMakeCCompilerABI.c.o -lgcc --as-needed -lgcc_s --no-as-needed -lc -lgcc --as-needed -lgcc_s --no-as-needed /usr/bin/../lib/gcc/x86_64-redhat-linux/5.1.1/crtend.o /usr/bin/../lib/gcc/x86_64-redhat-linux/5.1.1/../../../../lib64/crtn.o
=======
Run Build Command:"/usr/bin/gmake" "cmTryCompileExec4157529014/fast"
/usr/bin/gmake -f CMakeFiles/cmTryCompileExec4157529014.dir/build.make CMakeFiles/cmTryCompileExec4157529014.dir/build
gmake[1]: Entering directory '/home/gavin/projects/playground/out/CMakeFiles/CMakeTmp'
/usr/bin/cmake -E cmake_progress_report /home/gavin/projects/playground/out/CMakeFiles/CMakeTmp/CMakeFiles 1
Building C object CMakeFiles/cmTryCompileExec4157529014.dir/CMakeCCompilerABI.c.o
/usr/bin/clang    -o CMakeFiles/cmTryCompileExec4157529014.dir/CMakeCCompilerABI.c.o   -c /usr/share/cmake/Modules/CMakeCCompilerABI.c
Linking C executable cmTryCompileExec4157529014
/usr/bin/cmake -E cmake_link_script CMakeFiles/cmTryCompileExec4157529014.dir/link.txt --verbose=1
/usr/bin/clang     -v CMakeFiles/cmTryCompileExec4157529014.dir/CMakeCCompilerABI.c.o  -o cmTryCompileExec4157529014 -rdynamic  
clang version 3.5.0 (tags/RELEASE_350/final 216961)
Target: x86_64-suse-linux
Thread model: posix
Found candidate GCC installation: /usr/bin/../lib64/gcc/x86_64-suse-linux/4.8
Found candidate GCC installation: /usr/lib64/gcc/x86_64-suse-linux/4.8
Selected GCC installation: /usr/bin/../lib64/gcc/x86_64-suse-linux/4.8
Candidate multilib: .;@m64
Selected multilib: .;@m64
 "/usr/bin/ld" -export-dynamic -z relro --hash-style=gnu --hash-style=both --build-id --enable-new-dtags --eh-frame-hdr -m elf_x86_64 -dynamic-linker /lib64/ld-linux-x86-64.so.2 -o cmTryCompileExec4157529014 /usr/bin/../lib64/gcc/x86_64-suse-linux/4.8/../../../../lib64/crt1.o /usr/bin/../lib64/gcc/x86_64-suse-linux/4.8/../../../../lib64/crti.o /usr/bin/../lib64/gcc/x86_64-suse-linux/4.8/crtbegin.o -L/usr/bin/../lib64/gcc/x86_64-suse-linux/4.8 -L/usr/bin/../lib64/gcc/x86_64-suse-linux/4.8/../../../../lib64 -L/usr/bin/../lib64 -L/lib/../lib64 -L/usr/lib/../lib64 -L/usr/bin/../lib64/gcc/x86_64-suse-linux/4.8/../../../../x86_64-suse-linux/lib -L/usr/bin/../lib64/gcc/x86_64-suse-linux/4.8/../../.. -L/usr/bin/../lib -L/lib -L/usr/lib CMakeFiles/cmTryCompileExec4157529014.dir/CMakeCCompilerABI.c.o -lgcc --as-needed -lgcc_s --no-as-needed -lc -lgcc --as-needed -lgcc_s --no-as-needed /usr/bin/../lib64/gcc/x86_64-suse-linux/4.8/crtend.o /usr/bin/../lib64/gcc/x86_64-suse-linux/4.8/../../../../lib64/crtn.o
>>>>>>> e22755c80a272351e8d52d390663123e2a0e3b0d
gmake[1]: Leaving directory '/home/gavin/projects/playground/out/CMakeFiles/CMakeTmp'


Parsed C implicit link information from above output:
  link line regex: [^( *|.*[/\])(ld|([^/\]+-)?ld|collect2)[^/\]*( |$)]
  ignore line: [Change Dir: /home/gavin/projects/playground/out/CMakeFiles/CMakeTmp]
  ignore line: []
<<<<<<< HEAD
  ignore line: [Run Build Command:"/usr/bin/gmake" "cmTC_323c6/fast"]
  ignore line: [/usr/bin/gmake -f CMakeFiles/cmTC_323c6.dir/build.make CMakeFiles/cmTC_323c6.dir/build]
  ignore line: [gmake[1]: Entering directory '/home/gavin/projects/playground/out/CMakeFiles/CMakeTmp']
  ignore line: [Building C object CMakeFiles/cmTC_323c6.dir/CMakeCCompilerABI.c.o]
  ignore line: [/usr/bin/clang    -o CMakeFiles/cmTC_323c6.dir/CMakeCCompilerABI.c.o   -c /usr/share/cmake/Modules/CMakeCCompilerABI.c]
  ignore line: [Linking C executable cmTC_323c6]
  ignore line: [/usr/bin/cmake -E cmake_link_script CMakeFiles/cmTC_323c6.dir/link.txt --verbose=1]
  ignore line: [/usr/bin/clang      -v CMakeFiles/cmTC_323c6.dir/CMakeCCompilerABI.c.o  -o cmTC_323c6 -rdynamic  ]
  ignore line: [clang version 3.5.0 (tags/RELEASE_350/final)]
  ignore line: [Target: x86_64-redhat-linux-gnu]
  ignore line: [Thread model: posix]
  ignore line: [Found candidate GCC installation: /usr/bin/../lib/gcc/x86_64-redhat-linux/5.1.1]
  ignore line: [Found candidate GCC installation: /usr/lib/gcc/x86_64-redhat-linux/5.1.1]
  ignore line: [Selected GCC installation: /usr/bin/../lib/gcc/x86_64-redhat-linux/5.1.1]
  ignore line: [Candidate multilib: .]
  ignore line: [@m64]
  ignore line: [Candidate multilib: 32]
  ignore line: [@m32]
  ignore line: [Selected multilib: .]
  ignore line: [@m64]
  link line: [ "/usr/bin/ld" -export-dynamic --hash-style=gnu --no-add-needed --build-id --eh-frame-hdr -m elf_x86_64 -dynamic-linker /lib64/ld-linux-x86-64.so.2 -o cmTC_323c6 /usr/bin/../lib/gcc/x86_64-redhat-linux/5.1.1/../../../../lib64/crt1.o /usr/bin/../lib/gcc/x86_64-redhat-linux/5.1.1/../../../../lib64/crti.o /usr/bin/../lib/gcc/x86_64-redhat-linux/5.1.1/crtbegin.o -L/usr/bin/../lib/gcc/x86_64-redhat-linux/5.1.1 -L/usr/bin/../lib/gcc/x86_64-redhat-linux/5.1.1/../../../x86_64-linux-gnu -L/usr/bin/../lib/gcc/x86_64-redhat-linux/5.1.1/../../../../lib64 -L/usr/bin/../lib/x86_64-linux-gnu -L/usr/bin/../lib64 -L/lib/x86_64-linux-gnu -L/lib/../lib64 -L/usr/lib/x86_64-linux-gnu -L/usr/lib/../lib64 -L/usr/bin/../lib/gcc/x86_64-redhat-linux/5.1.1/../../.. -L/usr/bin/../lib -L/lib -L/usr/lib CMakeFiles/cmTC_323c6.dir/CMakeCCompilerABI.c.o -lgcc --as-needed -lgcc_s --no-as-needed -lc -lgcc --as-needed -lgcc_s --no-as-needed /usr/bin/../lib/gcc/x86_64-redhat-linux/5.1.1/crtend.o /usr/bin/../lib/gcc/x86_64-redhat-linux/5.1.1/../../../../lib64/crtn.o]
    arg [/usr/bin/ld] ==> ignore
    arg [-export-dynamic] ==> ignore
    arg [--hash-style=gnu] ==> ignore
    arg [--no-add-needed] ==> ignore
    arg [--build-id] ==> ignore
=======
  ignore line: [Run Build Command:"/usr/bin/gmake" "cmTryCompileExec4157529014/fast"]
  ignore line: [/usr/bin/gmake -f CMakeFiles/cmTryCompileExec4157529014.dir/build.make CMakeFiles/cmTryCompileExec4157529014.dir/build]
  ignore line: [gmake[1]: Entering directory '/home/gavin/projects/playground/out/CMakeFiles/CMakeTmp']
  ignore line: [/usr/bin/cmake -E cmake_progress_report /home/gavin/projects/playground/out/CMakeFiles/CMakeTmp/CMakeFiles 1]
  ignore line: [Building C object CMakeFiles/cmTryCompileExec4157529014.dir/CMakeCCompilerABI.c.o]
  ignore line: [/usr/bin/clang    -o CMakeFiles/cmTryCompileExec4157529014.dir/CMakeCCompilerABI.c.o   -c /usr/share/cmake/Modules/CMakeCCompilerABI.c]
  ignore line: [Linking C executable cmTryCompileExec4157529014]
  ignore line: [/usr/bin/cmake -E cmake_link_script CMakeFiles/cmTryCompileExec4157529014.dir/link.txt --verbose=1]
  ignore line: [/usr/bin/clang     -v CMakeFiles/cmTryCompileExec4157529014.dir/CMakeCCompilerABI.c.o  -o cmTryCompileExec4157529014 -rdynamic  ]
  ignore line: [clang version 3.5.0 (tags/RELEASE_350/final 216961)]
  ignore line: [Target: x86_64-suse-linux]
  ignore line: [Thread model: posix]
  ignore line: [Found candidate GCC installation: /usr/bin/../lib64/gcc/x86_64-suse-linux/4.8]
  ignore line: [Found candidate GCC installation: /usr/lib64/gcc/x86_64-suse-linux/4.8]
  ignore line: [Selected GCC installation: /usr/bin/../lib64/gcc/x86_64-suse-linux/4.8]
  ignore line: [Candidate multilib: .]
  ignore line: [@m64]
  ignore line: [Selected multilib: .]
  ignore line: [@m64]
  link line: [ "/usr/bin/ld" -export-dynamic -z relro --hash-style=gnu --hash-style=both --build-id --enable-new-dtags --eh-frame-hdr -m elf_x86_64 -dynamic-linker /lib64/ld-linux-x86-64.so.2 -o cmTryCompileExec4157529014 /usr/bin/../lib64/gcc/x86_64-suse-linux/4.8/../../../../lib64/crt1.o /usr/bin/../lib64/gcc/x86_64-suse-linux/4.8/../../../../lib64/crti.o /usr/bin/../lib64/gcc/x86_64-suse-linux/4.8/crtbegin.o -L/usr/bin/../lib64/gcc/x86_64-suse-linux/4.8 -L/usr/bin/../lib64/gcc/x86_64-suse-linux/4.8/../../../../lib64 -L/usr/bin/../lib64 -L/lib/../lib64 -L/usr/lib/../lib64 -L/usr/bin/../lib64/gcc/x86_64-suse-linux/4.8/../../../../x86_64-suse-linux/lib -L/usr/bin/../lib64/gcc/x86_64-suse-linux/4.8/../../.. -L/usr/bin/../lib -L/lib -L/usr/lib CMakeFiles/cmTryCompileExec4157529014.dir/CMakeCCompilerABI.c.o -lgcc --as-needed -lgcc_s --no-as-needed -lc -lgcc --as-needed -lgcc_s --no-as-needed /usr/bin/../lib64/gcc/x86_64-suse-linux/4.8/crtend.o /usr/bin/../lib64/gcc/x86_64-suse-linux/4.8/../../../../lib64/crtn.o]
    arg [/usr/bin/ld] ==> ignore
    arg [-export-dynamic] ==> ignore
    arg [-zrelro] ==> ignore
    arg [--hash-style=gnu] ==> ignore
    arg [--hash-style=both] ==> ignore
    arg [--build-id] ==> ignore
    arg [--enable-new-dtags] ==> ignore
>>>>>>> e22755c80a272351e8d52d390663123e2a0e3b0d
    arg [--eh-frame-hdr] ==> ignore
    arg [-m] ==> ignore
    arg [elf_x86_64] ==> ignore
    arg [-dynamic-linker] ==> ignore
    arg [/lib64/ld-linux-x86-64.so.2] ==> ignore
    arg [-o] ==> ignore
<<<<<<< HEAD
    arg [cmTC_323c6] ==> ignore
    arg [/usr/bin/../lib/gcc/x86_64-redhat-linux/5.1.1/../../../../lib64/crt1.o] ==> ignore
    arg [/usr/bin/../lib/gcc/x86_64-redhat-linux/5.1.1/../../../../lib64/crti.o] ==> ignore
    arg [/usr/bin/../lib/gcc/x86_64-redhat-linux/5.1.1/crtbegin.o] ==> ignore
    arg [-L/usr/bin/../lib/gcc/x86_64-redhat-linux/5.1.1] ==> dir [/usr/bin/../lib/gcc/x86_64-redhat-linux/5.1.1]
    arg [-L/usr/bin/../lib/gcc/x86_64-redhat-linux/5.1.1/../../../x86_64-linux-gnu] ==> dir [/usr/bin/../lib/gcc/x86_64-redhat-linux/5.1.1/../../../x86_64-linux-gnu]
    arg [-L/usr/bin/../lib/gcc/x86_64-redhat-linux/5.1.1/../../../../lib64] ==> dir [/usr/bin/../lib/gcc/x86_64-redhat-linux/5.1.1/../../../../lib64]
    arg [-L/usr/bin/../lib/x86_64-linux-gnu] ==> dir [/usr/bin/../lib/x86_64-linux-gnu]
    arg [-L/usr/bin/../lib64] ==> dir [/usr/bin/../lib64]
    arg [-L/lib/x86_64-linux-gnu] ==> dir [/lib/x86_64-linux-gnu]
    arg [-L/lib/../lib64] ==> dir [/lib/../lib64]
    arg [-L/usr/lib/x86_64-linux-gnu] ==> dir [/usr/lib/x86_64-linux-gnu]
    arg [-L/usr/lib/../lib64] ==> dir [/usr/lib/../lib64]
    arg [-L/usr/bin/../lib/gcc/x86_64-redhat-linux/5.1.1/../../..] ==> dir [/usr/bin/../lib/gcc/x86_64-redhat-linux/5.1.1/../../..]
    arg [-L/usr/bin/../lib] ==> dir [/usr/bin/../lib]
    arg [-L/lib] ==> dir [/lib]
    arg [-L/usr/lib] ==> dir [/usr/lib]
    arg [CMakeFiles/cmTC_323c6.dir/CMakeCCompilerABI.c.o] ==> ignore
=======
    arg [cmTryCompileExec4157529014] ==> ignore
    arg [/usr/bin/../lib64/gcc/x86_64-suse-linux/4.8/../../../../lib64/crt1.o] ==> ignore
    arg [/usr/bin/../lib64/gcc/x86_64-suse-linux/4.8/../../../../lib64/crti.o] ==> ignore
    arg [/usr/bin/../lib64/gcc/x86_64-suse-linux/4.8/crtbegin.o] ==> ignore
    arg [-L/usr/bin/../lib64/gcc/x86_64-suse-linux/4.8] ==> dir [/usr/bin/../lib64/gcc/x86_64-suse-linux/4.8]
    arg [-L/usr/bin/../lib64/gcc/x86_64-suse-linux/4.8/../../../../lib64] ==> dir [/usr/bin/../lib64/gcc/x86_64-suse-linux/4.8/../../../../lib64]
    arg [-L/usr/bin/../lib64] ==> dir [/usr/bin/../lib64]
    arg [-L/lib/../lib64] ==> dir [/lib/../lib64]
    arg [-L/usr/lib/../lib64] ==> dir [/usr/lib/../lib64]
    arg [-L/usr/bin/../lib64/gcc/x86_64-suse-linux/4.8/../../../../x86_64-suse-linux/lib] ==> dir [/usr/bin/../lib64/gcc/x86_64-suse-linux/4.8/../../../../x86_64-suse-linux/lib]
    arg [-L/usr/bin/../lib64/gcc/x86_64-suse-linux/4.8/../../..] ==> dir [/usr/bin/../lib64/gcc/x86_64-suse-linux/4.8/../../..]
    arg [-L/usr/bin/../lib] ==> dir [/usr/bin/../lib]
    arg [-L/lib] ==> dir [/lib]
    arg [-L/usr/lib] ==> dir [/usr/lib]
    arg [CMakeFiles/cmTryCompileExec4157529014.dir/CMakeCCompilerABI.c.o] ==> ignore
>>>>>>> e22755c80a272351e8d52d390663123e2a0e3b0d
    arg [-lgcc] ==> lib [gcc]
    arg [--as-needed] ==> ignore
    arg [-lgcc_s] ==> lib [gcc_s]
    arg [--no-as-needed] ==> ignore
    arg [-lc] ==> lib [c]
    arg [-lgcc] ==> lib [gcc]
    arg [--as-needed] ==> ignore
    arg [-lgcc_s] ==> lib [gcc_s]
    arg [--no-as-needed] ==> ignore
<<<<<<< HEAD
    arg [/usr/bin/../lib/gcc/x86_64-redhat-linux/5.1.1/crtend.o] ==> ignore
    arg [/usr/bin/../lib/gcc/x86_64-redhat-linux/5.1.1/../../../../lib64/crtn.o] ==> ignore
=======
    arg [/usr/bin/../lib64/gcc/x86_64-suse-linux/4.8/crtend.o] ==> ignore
    arg [/usr/bin/../lib64/gcc/x86_64-suse-linux/4.8/../../../../lib64/crtn.o] ==> ignore
>>>>>>> e22755c80a272351e8d52d390663123e2a0e3b0d
  remove lib [gcc]
  remove lib [gcc_s]
  remove lib [gcc]
  remove lib [gcc_s]
<<<<<<< HEAD
  collapse library dir [/usr/bin/../lib/gcc/x86_64-redhat-linux/5.1.1] ==> [/usr/lib/gcc/x86_64-redhat-linux/5.1.1]
  collapse library dir [/usr/bin/../lib/gcc/x86_64-redhat-linux/5.1.1/../../../x86_64-linux-gnu] ==> [/usr/lib/x86_64-linux-gnu]
  collapse library dir [/usr/bin/../lib/gcc/x86_64-redhat-linux/5.1.1/../../../../lib64] ==> [/usr/lib64]
  collapse library dir [/usr/bin/../lib/x86_64-linux-gnu] ==> [/usr/lib/x86_64-linux-gnu]
  collapse library dir [/usr/bin/../lib64] ==> [/usr/lib64]
  collapse library dir [/lib/x86_64-linux-gnu] ==> [/lib/x86_64-linux-gnu]
  collapse library dir [/lib/../lib64] ==> [/lib64]
  collapse library dir [/usr/lib/x86_64-linux-gnu] ==> [/usr/lib/x86_64-linux-gnu]
  collapse library dir [/usr/lib/../lib64] ==> [/usr/lib64]
  collapse library dir [/usr/bin/../lib/gcc/x86_64-redhat-linux/5.1.1/../../..] ==> [/usr/lib]
=======
  collapse library dir [/usr/bin/../lib64/gcc/x86_64-suse-linux/4.8] ==> [/usr/lib64/gcc/x86_64-suse-linux/4.8]
  collapse library dir [/usr/bin/../lib64/gcc/x86_64-suse-linux/4.8/../../../../lib64] ==> [/usr/lib64]
  collapse library dir [/usr/bin/../lib64] ==> [/usr/lib64]
  collapse library dir [/lib/../lib64] ==> [/lib64]
  collapse library dir [/usr/lib/../lib64] ==> [/usr/lib64]
  collapse library dir [/usr/bin/../lib64/gcc/x86_64-suse-linux/4.8/../../../../x86_64-suse-linux/lib] ==> [/usr/x86_64-suse-linux/lib]
  collapse library dir [/usr/bin/../lib64/gcc/x86_64-suse-linux/4.8/../../..] ==> [/usr/lib64]
>>>>>>> e22755c80a272351e8d52d390663123e2a0e3b0d
  collapse library dir [/usr/bin/../lib] ==> [/usr/lib]
  collapse library dir [/lib] ==> [/lib]
  collapse library dir [/usr/lib] ==> [/usr/lib]
  implicit libs: [c]
<<<<<<< HEAD
  implicit dirs: [/usr/lib/gcc/x86_64-redhat-linux/5.1.1;/usr/lib/x86_64-linux-gnu;/usr/lib64;/lib/x86_64-linux-gnu;/lib64;/usr/lib;/lib]
  implicit fwks: []




Detecting C [-std=c11] compiler features compiled with the following output:
Change Dir: /home/gavin/projects/playground/out/CMakeFiles/CMakeTmp

Run Build Command:"/usr/bin/gmake" "cmTC_7ff87/fast"
/usr/bin/gmake -f CMakeFiles/cmTC_7ff87.dir/build.make CMakeFiles/cmTC_7ff87.dir/build
gmake[1]: Entering directory '/home/gavin/projects/playground/out/CMakeFiles/CMakeTmp'
Building C object CMakeFiles/cmTC_7ff87.dir/feature_tests.c.o
/usr/bin/clang   -std=c11 -o CMakeFiles/cmTC_7ff87.dir/feature_tests.c.o   -c /home/gavin/projects/playground/out/CMakeFiles/feature_tests.c
Linking C executable cmTC_7ff87
/usr/bin/cmake -E cmake_link_script CMakeFiles/cmTC_7ff87.dir/link.txt --verbose=1
/usr/bin/clang       CMakeFiles/cmTC_7ff87.dir/feature_tests.c.o  -o cmTC_7ff87 -rdynamic 
gmake[1]: Leaving directory '/home/gavin/projects/playground/out/CMakeFiles/CMakeTmp'


    Feature record: C_FEATURE:1c_function_prototypes
    Feature record: C_FEATURE:1c_restrict
    Feature record: C_FEATURE:1c_static_assert
    Feature record: C_FEATURE:1c_variadic_macros


Detecting C [-std=c99] compiler features compiled with the following output:
Change Dir: /home/gavin/projects/playground/out/CMakeFiles/CMakeTmp

Run Build Command:"/usr/bin/gmake" "cmTC_7179c/fast"
/usr/bin/gmake -f CMakeFiles/cmTC_7179c.dir/build.make CMakeFiles/cmTC_7179c.dir/build
gmake[1]: Entering directory '/home/gavin/projects/playground/out/CMakeFiles/CMakeTmp'
Building C object CMakeFiles/cmTC_7179c.dir/feature_tests.c.o
/usr/bin/clang   -std=c99 -o CMakeFiles/cmTC_7179c.dir/feature_tests.c.o   -c /home/gavin/projects/playground/out/CMakeFiles/feature_tests.c
Linking C executable cmTC_7179c
/usr/bin/cmake -E cmake_link_script CMakeFiles/cmTC_7179c.dir/link.txt --verbose=1
/usr/bin/clang       CMakeFiles/cmTC_7179c.dir/feature_tests.c.o  -o cmTC_7179c -rdynamic 
gmake[1]: Leaving directory '/home/gavin/projects/playground/out/CMakeFiles/CMakeTmp'


    Feature record: C_FEATURE:1c_function_prototypes
    Feature record: C_FEATURE:1c_restrict
    Feature record: C_FEATURE:0c_static_assert
    Feature record: C_FEATURE:1c_variadic_macros


Detecting C [-std=c90] compiler features compiled with the following output:
Change Dir: /home/gavin/projects/playground/out/CMakeFiles/CMakeTmp

Run Build Command:"/usr/bin/gmake" "cmTC_6b9f9/fast"
/usr/bin/gmake -f CMakeFiles/cmTC_6b9f9.dir/build.make CMakeFiles/cmTC_6b9f9.dir/build
gmake[1]: Entering directory '/home/gavin/projects/playground/out/CMakeFiles/CMakeTmp'
Building C object CMakeFiles/cmTC_6b9f9.dir/feature_tests.c.o
/usr/bin/clang   -std=c90 -o CMakeFiles/cmTC_6b9f9.dir/feature_tests.c.o   -c /home/gavin/projects/playground/out/CMakeFiles/feature_tests.c
Linking C executable cmTC_6b9f9
/usr/bin/cmake -E cmake_link_script CMakeFiles/cmTC_6b9f9.dir/link.txt --verbose=1
/usr/bin/clang       CMakeFiles/cmTC_6b9f9.dir/feature_tests.c.o  -o cmTC_6b9f9 -rdynamic 
gmake[1]: Leaving directory '/home/gavin/projects/playground/out/CMakeFiles/CMakeTmp'


    Feature record: C_FEATURE:1c_function_prototypes
    Feature record: C_FEATURE:0c_restrict
    Feature record: C_FEATURE:0c_static_assert
    Feature record: C_FEATURE:0c_variadic_macros
Determining if the CXX compiler works passed with the following output:
Change Dir: /home/gavin/projects/playground/out/CMakeFiles/CMakeTmp

Run Build Command:"/usr/bin/gmake" "cmTC_d0ebc/fast"
/usr/bin/gmake -f CMakeFiles/cmTC_d0ebc.dir/build.make CMakeFiles/cmTC_d0ebc.dir/build
gmake[1]: Entering directory '/home/gavin/projects/playground/out/CMakeFiles/CMakeTmp'
Building CXX object CMakeFiles/cmTC_d0ebc.dir/testCXXCompiler.cxx.o
/usr/bin/clang++     -o CMakeFiles/cmTC_d0ebc.dir/testCXXCompiler.cxx.o -c /home/gavin/projects/playground/out/CMakeFiles/CMakeTmp/testCXXCompiler.cxx
Linking CXX executable cmTC_d0ebc
/usr/bin/cmake -E cmake_link_script CMakeFiles/cmTC_d0ebc.dir/link.txt --verbose=1
/usr/bin/clang++        CMakeFiles/cmTC_d0ebc.dir/testCXXCompiler.cxx.o  -o cmTC_d0ebc -rdynamic 
=======
  implicit dirs: [/usr/lib64/gcc/x86_64-suse-linux/4.8;/usr/lib64;/lib64;/usr/x86_64-suse-linux/lib;/usr/lib;/lib]
  implicit fwks: []


Determining if the CXX compiler works passed with the following output:
Change Dir: /home/gavin/projects/playground/out/CMakeFiles/CMakeTmp

Run Build Command:"/usr/bin/gmake" "cmTryCompileExec243645545/fast"
/usr/bin/gmake -f CMakeFiles/cmTryCompileExec243645545.dir/build.make CMakeFiles/cmTryCompileExec243645545.dir/build
gmake[1]: Entering directory '/home/gavin/projects/playground/out/CMakeFiles/CMakeTmp'
/usr/bin/cmake -E cmake_progress_report /home/gavin/projects/playground/out/CMakeFiles/CMakeTmp/CMakeFiles 1
Building CXX object CMakeFiles/cmTryCompileExec243645545.dir/testCXXCompiler.cxx.o
/usr/bin/clang++     -o CMakeFiles/cmTryCompileExec243645545.dir/testCXXCompiler.cxx.o -c /home/gavin/projects/playground/out/CMakeFiles/CMakeTmp/testCXXCompiler.cxx
Linking CXX executable cmTryCompileExec243645545
/usr/bin/cmake -E cmake_link_script CMakeFiles/cmTryCompileExec243645545.dir/link.txt --verbose=1
/usr/bin/clang++        CMakeFiles/cmTryCompileExec243645545.dir/testCXXCompiler.cxx.o  -o cmTryCompileExec243645545 -rdynamic 
>>>>>>> e22755c80a272351e8d52d390663123e2a0e3b0d
gmake[1]: Leaving directory '/home/gavin/projects/playground/out/CMakeFiles/CMakeTmp'


Detecting CXX compiler ABI info compiled with the following output:
Change Dir: /home/gavin/projects/playground/out/CMakeFiles/CMakeTmp

<<<<<<< HEAD
Run Build Command:"/usr/bin/gmake" "cmTC_2c293/fast"
/usr/bin/gmake -f CMakeFiles/cmTC_2c293.dir/build.make CMakeFiles/cmTC_2c293.dir/build
gmake[1]: Entering directory '/home/gavin/projects/playground/out/CMakeFiles/CMakeTmp'
Building CXX object CMakeFiles/cmTC_2c293.dir/CMakeCXXCompilerABI.cpp.o
/usr/bin/clang++     -o CMakeFiles/cmTC_2c293.dir/CMakeCXXCompilerABI.cpp.o -c /usr/share/cmake/Modules/CMakeCXXCompilerABI.cpp
Linking CXX executable cmTC_2c293
/usr/bin/cmake -E cmake_link_script CMakeFiles/cmTC_2c293.dir/link.txt --verbose=1
/usr/bin/clang++       -v CMakeFiles/cmTC_2c293.dir/CMakeCXXCompilerABI.cpp.o  -o cmTC_2c293 -rdynamic  
clang version 3.5.0 (tags/RELEASE_350/final)
Target: x86_64-redhat-linux-gnu
Thread model: posix
Found candidate GCC installation: /usr/bin/../lib/gcc/x86_64-redhat-linux/5.1.1
Found candidate GCC installation: /usr/lib/gcc/x86_64-redhat-linux/5.1.1
Selected GCC installation: /usr/bin/../lib/gcc/x86_64-redhat-linux/5.1.1
Candidate multilib: .;@m64
Candidate multilib: 32;@m32
Selected multilib: .;@m64
 "/usr/bin/ld" -export-dynamic --hash-style=gnu --no-add-needed --build-id --eh-frame-hdr -m elf_x86_64 -dynamic-linker /lib64/ld-linux-x86-64.so.2 -o cmTC_2c293 /usr/bin/../lib/gcc/x86_64-redhat-linux/5.1.1/../../../../lib64/crt1.o /usr/bin/../lib/gcc/x86_64-redhat-linux/5.1.1/../../../../lib64/crti.o /usr/bin/../lib/gcc/x86_64-redhat-linux/5.1.1/crtbegin.o -L/usr/bin/../lib/gcc/x86_64-redhat-linux/5.1.1 -L/usr/bin/../lib/gcc/x86_64-redhat-linux/5.1.1/../../../x86_64-linux-gnu -L/usr/bin/../lib/gcc/x86_64-redhat-linux/5.1.1/../../../../lib64 -L/usr/bin/../lib/x86_64-linux-gnu -L/usr/bin/../lib64 -L/lib/x86_64-linux-gnu -L/lib/../lib64 -L/usr/lib/x86_64-linux-gnu -L/usr/lib/../lib64 -L/usr/bin/../lib/gcc/x86_64-redhat-linux/5.1.1/../../.. -L/usr/bin/../lib -L/lib -L/usr/lib CMakeFiles/cmTC_2c293.dir/CMakeCXXCompilerABI.cpp.o -lstdc++ -lm -lgcc_s -lgcc -lc -lgcc_s -lgcc /usr/bin/../lib/gcc/x86_64-redhat-linux/5.1.1/crtend.o /usr/bin/../lib/gcc/x86_64-redhat-linux/5.1.1/../../../../lib64/crtn.o
=======
Run Build Command:"/usr/bin/gmake" "cmTryCompileExec3359314170/fast"
/usr/bin/gmake -f CMakeFiles/cmTryCompileExec3359314170.dir/build.make CMakeFiles/cmTryCompileExec3359314170.dir/build
gmake[1]: Entering directory '/home/gavin/projects/playground/out/CMakeFiles/CMakeTmp'
/usr/bin/cmake -E cmake_progress_report /home/gavin/projects/playground/out/CMakeFiles/CMakeTmp/CMakeFiles 1
Building CXX object CMakeFiles/cmTryCompileExec3359314170.dir/CMakeCXXCompilerABI.cpp.o
/usr/bin/clang++     -o CMakeFiles/cmTryCompileExec3359314170.dir/CMakeCXXCompilerABI.cpp.o -c /usr/share/cmake/Modules/CMakeCXXCompilerABI.cpp
Linking CXX executable cmTryCompileExec3359314170
/usr/bin/cmake -E cmake_link_script CMakeFiles/cmTryCompileExec3359314170.dir/link.txt --verbose=1
/usr/bin/clang++      -v CMakeFiles/cmTryCompileExec3359314170.dir/CMakeCXXCompilerABI.cpp.o  -o cmTryCompileExec3359314170 -rdynamic  
clang version 3.5.0 (tags/RELEASE_350/final 216961)
Target: x86_64-suse-linux
Thread model: posix
Found candidate GCC installation: /usr/bin/../lib64/gcc/x86_64-suse-linux/4.8
Found candidate GCC installation: /usr/lib64/gcc/x86_64-suse-linux/4.8
Selected GCC installation: /usr/bin/../lib64/gcc/x86_64-suse-linux/4.8
Candidate multilib: .;@m64
Selected multilib: .;@m64
 "/usr/bin/ld" -export-dynamic -z relro --hash-style=gnu --hash-style=both --build-id --enable-new-dtags --eh-frame-hdr -m elf_x86_64 -dynamic-linker /lib64/ld-linux-x86-64.so.2 -o cmTryCompileExec3359314170 /usr/bin/../lib64/gcc/x86_64-suse-linux/4.8/../../../../lib64/crt1.o /usr/bin/../lib64/gcc/x86_64-suse-linux/4.8/../../../../lib64/crti.o /usr/bin/../lib64/gcc/x86_64-suse-linux/4.8/crtbegin.o -L/usr/bin/../lib64/gcc/x86_64-suse-linux/4.8 -L/usr/bin/../lib64/gcc/x86_64-suse-linux/4.8/../../../../lib64 -L/usr/bin/../lib64 -L/lib/../lib64 -L/usr/lib/../lib64 -L/usr/bin/../lib64/gcc/x86_64-suse-linux/4.8/../../../../x86_64-suse-linux/lib -L/usr/bin/../lib64/gcc/x86_64-suse-linux/4.8/../../.. -L/usr/bin/../lib -L/lib -L/usr/lib CMakeFiles/cmTryCompileExec3359314170.dir/CMakeCXXCompilerABI.cpp.o -lstdc++ -lm -lgcc_s -lgcc -lc -lgcc_s -lgcc /usr/bin/../lib64/gcc/x86_64-suse-linux/4.8/crtend.o /usr/bin/../lib64/gcc/x86_64-suse-linux/4.8/../../../../lib64/crtn.o
>>>>>>> e22755c80a272351e8d52d390663123e2a0e3b0d
gmake[1]: Leaving directory '/home/gavin/projects/playground/out/CMakeFiles/CMakeTmp'


Parsed CXX implicit link information from above output:
  link line regex: [^( *|.*[/\])(ld|([^/\]+-)?ld|collect2)[^/\]*( |$)]
  ignore line: [Change Dir: /home/gavin/projects/playground/out/CMakeFiles/CMakeTmp]
  ignore line: []
<<<<<<< HEAD
  ignore line: [Run Build Command:"/usr/bin/gmake" "cmTC_2c293/fast"]
  ignore line: [/usr/bin/gmake -f CMakeFiles/cmTC_2c293.dir/build.make CMakeFiles/cmTC_2c293.dir/build]
  ignore line: [gmake[1]: Entering directory '/home/gavin/projects/playground/out/CMakeFiles/CMakeTmp']
  ignore line: [Building CXX object CMakeFiles/cmTC_2c293.dir/CMakeCXXCompilerABI.cpp.o]
  ignore line: [/usr/bin/clang++     -o CMakeFiles/cmTC_2c293.dir/CMakeCXXCompilerABI.cpp.o -c /usr/share/cmake/Modules/CMakeCXXCompilerABI.cpp]
  ignore line: [Linking CXX executable cmTC_2c293]
  ignore line: [/usr/bin/cmake -E cmake_link_script CMakeFiles/cmTC_2c293.dir/link.txt --verbose=1]
  ignore line: [/usr/bin/clang++       -v CMakeFiles/cmTC_2c293.dir/CMakeCXXCompilerABI.cpp.o  -o cmTC_2c293 -rdynamic  ]
  ignore line: [clang version 3.5.0 (tags/RELEASE_350/final)]
  ignore line: [Target: x86_64-redhat-linux-gnu]
  ignore line: [Thread model: posix]
  ignore line: [Found candidate GCC installation: /usr/bin/../lib/gcc/x86_64-redhat-linux/5.1.1]
  ignore line: [Found candidate GCC installation: /usr/lib/gcc/x86_64-redhat-linux/5.1.1]
  ignore line: [Selected GCC installation: /usr/bin/../lib/gcc/x86_64-redhat-linux/5.1.1]
  ignore line: [Candidate multilib: .]
  ignore line: [@m64]
  ignore line: [Candidate multilib: 32]
  ignore line: [@m32]
  ignore line: [Selected multilib: .]
  ignore line: [@m64]
  link line: [ "/usr/bin/ld" -export-dynamic --hash-style=gnu --no-add-needed --build-id --eh-frame-hdr -m elf_x86_64 -dynamic-linker /lib64/ld-linux-x86-64.so.2 -o cmTC_2c293 /usr/bin/../lib/gcc/x86_64-redhat-linux/5.1.1/../../../../lib64/crt1.o /usr/bin/../lib/gcc/x86_64-redhat-linux/5.1.1/../../../../lib64/crti.o /usr/bin/../lib/gcc/x86_64-redhat-linux/5.1.1/crtbegin.o -L/usr/bin/../lib/gcc/x86_64-redhat-linux/5.1.1 -L/usr/bin/../lib/gcc/x86_64-redhat-linux/5.1.1/../../../x86_64-linux-gnu -L/usr/bin/../lib/gcc/x86_64-redhat-linux/5.1.1/../../../../lib64 -L/usr/bin/../lib/x86_64-linux-gnu -L/usr/bin/../lib64 -L/lib/x86_64-linux-gnu -L/lib/../lib64 -L/usr/lib/x86_64-linux-gnu -L/usr/lib/../lib64 -L/usr/bin/../lib/gcc/x86_64-redhat-linux/5.1.1/../../.. -L/usr/bin/../lib -L/lib -L/usr/lib CMakeFiles/cmTC_2c293.dir/CMakeCXXCompilerABI.cpp.o -lstdc++ -lm -lgcc_s -lgcc -lc -lgcc_s -lgcc /usr/bin/../lib/gcc/x86_64-redhat-linux/5.1.1/crtend.o /usr/bin/../lib/gcc/x86_64-redhat-linux/5.1.1/../../../../lib64/crtn.o]
    arg [/usr/bin/ld] ==> ignore
    arg [-export-dynamic] ==> ignore
    arg [--hash-style=gnu] ==> ignore
    arg [--no-add-needed] ==> ignore
    arg [--build-id] ==> ignore
=======
  ignore line: [Run Build Command:"/usr/bin/gmake" "cmTryCompileExec3359314170/fast"]
  ignore line: [/usr/bin/gmake -f CMakeFiles/cmTryCompileExec3359314170.dir/build.make CMakeFiles/cmTryCompileExec3359314170.dir/build]
  ignore line: [gmake[1]: Entering directory '/home/gavin/projects/playground/out/CMakeFiles/CMakeTmp']
  ignore line: [/usr/bin/cmake -E cmake_progress_report /home/gavin/projects/playground/out/CMakeFiles/CMakeTmp/CMakeFiles 1]
  ignore line: [Building CXX object CMakeFiles/cmTryCompileExec3359314170.dir/CMakeCXXCompilerABI.cpp.o]
  ignore line: [/usr/bin/clang++     -o CMakeFiles/cmTryCompileExec3359314170.dir/CMakeCXXCompilerABI.cpp.o -c /usr/share/cmake/Modules/CMakeCXXCompilerABI.cpp]
  ignore line: [Linking CXX executable cmTryCompileExec3359314170]
  ignore line: [/usr/bin/cmake -E cmake_link_script CMakeFiles/cmTryCompileExec3359314170.dir/link.txt --verbose=1]
  ignore line: [/usr/bin/clang++      -v CMakeFiles/cmTryCompileExec3359314170.dir/CMakeCXXCompilerABI.cpp.o  -o cmTryCompileExec3359314170 -rdynamic  ]
  ignore line: [clang version 3.5.0 (tags/RELEASE_350/final 216961)]
  ignore line: [Target: x86_64-suse-linux]
  ignore line: [Thread model: posix]
  ignore line: [Found candidate GCC installation: /usr/bin/../lib64/gcc/x86_64-suse-linux/4.8]
  ignore line: [Found candidate GCC installation: /usr/lib64/gcc/x86_64-suse-linux/4.8]
  ignore line: [Selected GCC installation: /usr/bin/../lib64/gcc/x86_64-suse-linux/4.8]
  ignore line: [Candidate multilib: .]
  ignore line: [@m64]
  ignore line: [Selected multilib: .]
  ignore line: [@m64]
  link line: [ "/usr/bin/ld" -export-dynamic -z relro --hash-style=gnu --hash-style=both --build-id --enable-new-dtags --eh-frame-hdr -m elf_x86_64 -dynamic-linker /lib64/ld-linux-x86-64.so.2 -o cmTryCompileExec3359314170 /usr/bin/../lib64/gcc/x86_64-suse-linux/4.8/../../../../lib64/crt1.o /usr/bin/../lib64/gcc/x86_64-suse-linux/4.8/../../../../lib64/crti.o /usr/bin/../lib64/gcc/x86_64-suse-linux/4.8/crtbegin.o -L/usr/bin/../lib64/gcc/x86_64-suse-linux/4.8 -L/usr/bin/../lib64/gcc/x86_64-suse-linux/4.8/../../../../lib64 -L/usr/bin/../lib64 -L/lib/../lib64 -L/usr/lib/../lib64 -L/usr/bin/../lib64/gcc/x86_64-suse-linux/4.8/../../../../x86_64-suse-linux/lib -L/usr/bin/../lib64/gcc/x86_64-suse-linux/4.8/../../.. -L/usr/bin/../lib -L/lib -L/usr/lib CMakeFiles/cmTryCompileExec3359314170.dir/CMakeCXXCompilerABI.cpp.o -lstdc++ -lm -lgcc_s -lgcc -lc -lgcc_s -lgcc /usr/bin/../lib64/gcc/x86_64-suse-linux/4.8/crtend.o /usr/bin/../lib64/gcc/x86_64-suse-linux/4.8/../../../../lib64/crtn.o]
    arg [/usr/bin/ld] ==> ignore
    arg [-export-dynamic] ==> ignore
    arg [-zrelro] ==> ignore
    arg [--hash-style=gnu] ==> ignore
    arg [--hash-style=both] ==> ignore
    arg [--build-id] ==> ignore
    arg [--enable-new-dtags] ==> ignore
>>>>>>> e22755c80a272351e8d52d390663123e2a0e3b0d
    arg [--eh-frame-hdr] ==> ignore
    arg [-m] ==> ignore
    arg [elf_x86_64] ==> ignore
    arg [-dynamic-linker] ==> ignore
    arg [/lib64/ld-linux-x86-64.so.2] ==> ignore
    arg [-o] ==> ignore
<<<<<<< HEAD
    arg [cmTC_2c293] ==> ignore
    arg [/usr/bin/../lib/gcc/x86_64-redhat-linux/5.1.1/../../../../lib64/crt1.o] ==> ignore
    arg [/usr/bin/../lib/gcc/x86_64-redhat-linux/5.1.1/../../../../lib64/crti.o] ==> ignore
    arg [/usr/bin/../lib/gcc/x86_64-redhat-linux/5.1.1/crtbegin.o] ==> ignore
    arg [-L/usr/bin/../lib/gcc/x86_64-redhat-linux/5.1.1] ==> dir [/usr/bin/../lib/gcc/x86_64-redhat-linux/5.1.1]
    arg [-L/usr/bin/../lib/gcc/x86_64-redhat-linux/5.1.1/../../../x86_64-linux-gnu] ==> dir [/usr/bin/../lib/gcc/x86_64-redhat-linux/5.1.1/../../../x86_64-linux-gnu]
    arg [-L/usr/bin/../lib/gcc/x86_64-redhat-linux/5.1.1/../../../../lib64] ==> dir [/usr/bin/../lib/gcc/x86_64-redhat-linux/5.1.1/../../../../lib64]
    arg [-L/usr/bin/../lib/x86_64-linux-gnu] ==> dir [/usr/bin/../lib/x86_64-linux-gnu]
    arg [-L/usr/bin/../lib64] ==> dir [/usr/bin/../lib64]
    arg [-L/lib/x86_64-linux-gnu] ==> dir [/lib/x86_64-linux-gnu]
    arg [-L/lib/../lib64] ==> dir [/lib/../lib64]
    arg [-L/usr/lib/x86_64-linux-gnu] ==> dir [/usr/lib/x86_64-linux-gnu]
    arg [-L/usr/lib/../lib64] ==> dir [/usr/lib/../lib64]
    arg [-L/usr/bin/../lib/gcc/x86_64-redhat-linux/5.1.1/../../..] ==> dir [/usr/bin/../lib/gcc/x86_64-redhat-linux/5.1.1/../../..]
    arg [-L/usr/bin/../lib] ==> dir [/usr/bin/../lib]
    arg [-L/lib] ==> dir [/lib]
    arg [-L/usr/lib] ==> dir [/usr/lib]
    arg [CMakeFiles/cmTC_2c293.dir/CMakeCXXCompilerABI.cpp.o] ==> ignore
=======
    arg [cmTryCompileExec3359314170] ==> ignore
    arg [/usr/bin/../lib64/gcc/x86_64-suse-linux/4.8/../../../../lib64/crt1.o] ==> ignore
    arg [/usr/bin/../lib64/gcc/x86_64-suse-linux/4.8/../../../../lib64/crti.o] ==> ignore
    arg [/usr/bin/../lib64/gcc/x86_64-suse-linux/4.8/crtbegin.o] ==> ignore
    arg [-L/usr/bin/../lib64/gcc/x86_64-suse-linux/4.8] ==> dir [/usr/bin/../lib64/gcc/x86_64-suse-linux/4.8]
    arg [-L/usr/bin/../lib64/gcc/x86_64-suse-linux/4.8/../../../../lib64] ==> dir [/usr/bin/../lib64/gcc/x86_64-suse-linux/4.8/../../../../lib64]
    arg [-L/usr/bin/../lib64] ==> dir [/usr/bin/../lib64]
    arg [-L/lib/../lib64] ==> dir [/lib/../lib64]
    arg [-L/usr/lib/../lib64] ==> dir [/usr/lib/../lib64]
    arg [-L/usr/bin/../lib64/gcc/x86_64-suse-linux/4.8/../../../../x86_64-suse-linux/lib] ==> dir [/usr/bin/../lib64/gcc/x86_64-suse-linux/4.8/../../../../x86_64-suse-linux/lib]
    arg [-L/usr/bin/../lib64/gcc/x86_64-suse-linux/4.8/../../..] ==> dir [/usr/bin/../lib64/gcc/x86_64-suse-linux/4.8/../../..]
    arg [-L/usr/bin/../lib] ==> dir [/usr/bin/../lib]
    arg [-L/lib] ==> dir [/lib]
    arg [-L/usr/lib] ==> dir [/usr/lib]
    arg [CMakeFiles/cmTryCompileExec3359314170.dir/CMakeCXXCompilerABI.cpp.o] ==> ignore
>>>>>>> e22755c80a272351e8d52d390663123e2a0e3b0d
    arg [-lstdc++] ==> lib [stdc++]
    arg [-lm] ==> lib [m]
    arg [-lgcc_s] ==> lib [gcc_s]
    arg [-lgcc] ==> lib [gcc]
    arg [-lc] ==> lib [c]
    arg [-lgcc_s] ==> lib [gcc_s]
    arg [-lgcc] ==> lib [gcc]
<<<<<<< HEAD
    arg [/usr/bin/../lib/gcc/x86_64-redhat-linux/5.1.1/crtend.o] ==> ignore
    arg [/usr/bin/../lib/gcc/x86_64-redhat-linux/5.1.1/../../../../lib64/crtn.o] ==> ignore
=======
    arg [/usr/bin/../lib64/gcc/x86_64-suse-linux/4.8/crtend.o] ==> ignore
    arg [/usr/bin/../lib64/gcc/x86_64-suse-linux/4.8/../../../../lib64/crtn.o] ==> ignore
>>>>>>> e22755c80a272351e8d52d390663123e2a0e3b0d
  remove lib [gcc_s]
  remove lib [gcc]
  remove lib [gcc_s]
  remove lib [gcc]
<<<<<<< HEAD
  collapse library dir [/usr/bin/../lib/gcc/x86_64-redhat-linux/5.1.1] ==> [/usr/lib/gcc/x86_64-redhat-linux/5.1.1]
  collapse library dir [/usr/bin/../lib/gcc/x86_64-redhat-linux/5.1.1/../../../x86_64-linux-gnu] ==> [/usr/lib/x86_64-linux-gnu]
  collapse library dir [/usr/bin/../lib/gcc/x86_64-redhat-linux/5.1.1/../../../../lib64] ==> [/usr/lib64]
  collapse library dir [/usr/bin/../lib/x86_64-linux-gnu] ==> [/usr/lib/x86_64-linux-gnu]
  collapse library dir [/usr/bin/../lib64] ==> [/usr/lib64]
  collapse library dir [/lib/x86_64-linux-gnu] ==> [/lib/x86_64-linux-gnu]
  collapse library dir [/lib/../lib64] ==> [/lib64]
  collapse library dir [/usr/lib/x86_64-linux-gnu] ==> [/usr/lib/x86_64-linux-gnu]
  collapse library dir [/usr/lib/../lib64] ==> [/usr/lib64]
  collapse library dir [/usr/bin/../lib/gcc/x86_64-redhat-linux/5.1.1/../../..] ==> [/usr/lib]
=======
  collapse library dir [/usr/bin/../lib64/gcc/x86_64-suse-linux/4.8] ==> [/usr/lib64/gcc/x86_64-suse-linux/4.8]
  collapse library dir [/usr/bin/../lib64/gcc/x86_64-suse-linux/4.8/../../../../lib64] ==> [/usr/lib64]
  collapse library dir [/usr/bin/../lib64] ==> [/usr/lib64]
  collapse library dir [/lib/../lib64] ==> [/lib64]
  collapse library dir [/usr/lib/../lib64] ==> [/usr/lib64]
  collapse library dir [/usr/bin/../lib64/gcc/x86_64-suse-linux/4.8/../../../../x86_64-suse-linux/lib] ==> [/usr/x86_64-suse-linux/lib]
  collapse library dir [/usr/bin/../lib64/gcc/x86_64-suse-linux/4.8/../../..] ==> [/usr/lib64]
>>>>>>> e22755c80a272351e8d52d390663123e2a0e3b0d
  collapse library dir [/usr/bin/../lib] ==> [/usr/lib]
  collapse library dir [/lib] ==> [/lib]
  collapse library dir [/usr/lib] ==> [/usr/lib]
  implicit libs: [stdc++;m;c]
<<<<<<< HEAD
  implicit dirs: [/usr/lib/gcc/x86_64-redhat-linux/5.1.1;/usr/lib/x86_64-linux-gnu;/usr/lib64;/lib/x86_64-linux-gnu;/lib64;/usr/lib;/lib]
  implicit fwks: []




Detecting CXX [-std=c++14] compiler features compiled with the following output:
Change Dir: /home/gavin/projects/playground/out/CMakeFiles/CMakeTmp

Run Build Command:"/usr/bin/gmake" "cmTC_ba054/fast"
/usr/bin/gmake -f CMakeFiles/cmTC_ba054.dir/build.make CMakeFiles/cmTC_ba054.dir/build
gmake[1]: Entering directory '/home/gavin/projects/playground/out/CMakeFiles/CMakeTmp'
Building CXX object CMakeFiles/cmTC_ba054.dir/feature_tests.cxx.o
/usr/bin/clang++    -std=c++14 -o CMakeFiles/cmTC_ba054.dir/feature_tests.cxx.o -c /home/gavin/projects/playground/out/CMakeFiles/feature_tests.cxx
Linking CXX executable cmTC_ba054
/usr/bin/cmake -E cmake_link_script CMakeFiles/cmTC_ba054.dir/link.txt --verbose=1
/usr/bin/clang++        CMakeFiles/cmTC_ba054.dir/feature_tests.cxx.o  -o cmTC_ba054 -rdynamic 
gmake[1]: Leaving directory '/home/gavin/projects/playground/out/CMakeFiles/CMakeTmp'


    Feature record: CXX_FEATURE:1cxx_aggregate_default_initializers
    Feature record: CXX_FEATURE:1cxx_alias_templates
    Feature record: CXX_FEATURE:1cxx_alignas
    Feature record: CXX_FEATURE:1cxx_alignof
    Feature record: CXX_FEATURE:1cxx_attributes
    Feature record: CXX_FEATURE:1cxx_attribute_deprecated
    Feature record: CXX_FEATURE:1cxx_auto_type
    Feature record: CXX_FEATURE:1cxx_binary_literals
    Feature record: CXX_FEATURE:1cxx_constexpr
    Feature record: CXX_FEATURE:1cxx_contextual_conversions
    Feature record: CXX_FEATURE:1cxx_decltype
    Feature record: CXX_FEATURE:1cxx_decltype_auto
    Feature record: CXX_FEATURE:1cxx_decltype_incomplete_return_types
    Feature record: CXX_FEATURE:1cxx_default_function_template_args
    Feature record: CXX_FEATURE:1cxx_defaulted_functions
    Feature record: CXX_FEATURE:1cxx_defaulted_move_initializers
    Feature record: CXX_FEATURE:1cxx_delegating_constructors
    Feature record: CXX_FEATURE:1cxx_deleted_functions
    Feature record: CXX_FEATURE:1cxx_digit_separators
    Feature record: CXX_FEATURE:1cxx_enum_forward_declarations
    Feature record: CXX_FEATURE:1cxx_explicit_conversions
    Feature record: CXX_FEATURE:1cxx_extended_friend_declarations
    Feature record: CXX_FEATURE:1cxx_extern_templates
    Feature record: CXX_FEATURE:1cxx_final
    Feature record: CXX_FEATURE:1cxx_func_identifier
    Feature record: CXX_FEATURE:1cxx_generalized_initializers
    Feature record: CXX_FEATURE:1cxx_generic_lambdas
    Feature record: CXX_FEATURE:1cxx_inheriting_constructors
    Feature record: CXX_FEATURE:1cxx_inline_namespaces
    Feature record: CXX_FEATURE:1cxx_lambdas
    Feature record: CXX_FEATURE:1cxx_lambda_init_captures
    Feature record: CXX_FEATURE:1cxx_local_type_template_args
    Feature record: CXX_FEATURE:1cxx_long_long_type
    Feature record: CXX_FEATURE:1cxx_noexcept
    Feature record: CXX_FEATURE:1cxx_nonstatic_member_init
    Feature record: CXX_FEATURE:1cxx_nullptr
    Feature record: CXX_FEATURE:1cxx_override
    Feature record: CXX_FEATURE:1cxx_range_for
    Feature record: CXX_FEATURE:1cxx_raw_string_literals
    Feature record: CXX_FEATURE:1cxx_reference_qualified_functions
    Feature record: CXX_FEATURE:1cxx_relaxed_constexpr
    Feature record: CXX_FEATURE:1cxx_return_type_deduction
    Feature record: CXX_FEATURE:1cxx_right_angle_brackets
    Feature record: CXX_FEATURE:1cxx_rvalue_references
    Feature record: CXX_FEATURE:1cxx_sizeof_member
    Feature record: CXX_FEATURE:1cxx_static_assert
    Feature record: CXX_FEATURE:1cxx_strong_enums
    Feature record: CXX_FEATURE:1cxx_template_template_parameters
    Feature record: CXX_FEATURE:1cxx_thread_local
    Feature record: CXX_FEATURE:1cxx_trailing_return_types
    Feature record: CXX_FEATURE:1cxx_unicode_literals
    Feature record: CXX_FEATURE:1cxx_uniform_initialization
    Feature record: CXX_FEATURE:1cxx_unrestricted_unions
    Feature record: CXX_FEATURE:1cxx_user_literals
    Feature record: CXX_FEATURE:1cxx_variable_templates
    Feature record: CXX_FEATURE:1cxx_variadic_macros
    Feature record: CXX_FEATURE:1cxx_variadic_templates


Detecting CXX [-std=c++11] compiler features compiled with the following output:
Change Dir: /home/gavin/projects/playground/out/CMakeFiles/CMakeTmp

Run Build Command:"/usr/bin/gmake" "cmTC_37fd8/fast"
/usr/bin/gmake -f CMakeFiles/cmTC_37fd8.dir/build.make CMakeFiles/cmTC_37fd8.dir/build
gmake[1]: Entering directory '/home/gavin/projects/playground/out/CMakeFiles/CMakeTmp'
Building CXX object CMakeFiles/cmTC_37fd8.dir/feature_tests.cxx.o
/usr/bin/clang++    -std=c++11 -o CMakeFiles/cmTC_37fd8.dir/feature_tests.cxx.o -c /home/gavin/projects/playground/out/CMakeFiles/feature_tests.cxx
Linking CXX executable cmTC_37fd8
/usr/bin/cmake -E cmake_link_script CMakeFiles/cmTC_37fd8.dir/link.txt --verbose=1
/usr/bin/clang++        CMakeFiles/cmTC_37fd8.dir/feature_tests.cxx.o  -o cmTC_37fd8 -rdynamic 
gmake[1]: Leaving directory '/home/gavin/projects/playground/out/CMakeFiles/CMakeTmp'


    Feature record: CXX_FEATURE:0cxx_aggregate_default_initializers
    Feature record: CXX_FEATURE:1cxx_alias_templates
    Feature record: CXX_FEATURE:1cxx_alignas
    Feature record: CXX_FEATURE:1cxx_alignof
    Feature record: CXX_FEATURE:1cxx_attributes
    Feature record: CXX_FEATURE:0cxx_attribute_deprecated
    Feature record: CXX_FEATURE:1cxx_auto_type
    Feature record: CXX_FEATURE:0cxx_binary_literals
    Feature record: CXX_FEATURE:1cxx_constexpr
    Feature record: CXX_FEATURE:0cxx_contextual_conversions
    Feature record: CXX_FEATURE:1cxx_decltype
    Feature record: CXX_FEATURE:0cxx_decltype_auto
    Feature record: CXX_FEATURE:1cxx_decltype_incomplete_return_types
    Feature record: CXX_FEATURE:1cxx_default_function_template_args
    Feature record: CXX_FEATURE:1cxx_defaulted_functions
    Feature record: CXX_FEATURE:1cxx_defaulted_move_initializers
    Feature record: CXX_FEATURE:1cxx_delegating_constructors
    Feature record: CXX_FEATURE:1cxx_deleted_functions
    Feature record: CXX_FEATURE:0cxx_digit_separators
    Feature record: CXX_FEATURE:1cxx_enum_forward_declarations
    Feature record: CXX_FEATURE:1cxx_explicit_conversions
    Feature record: CXX_FEATURE:1cxx_extended_friend_declarations
    Feature record: CXX_FEATURE:1cxx_extern_templates
    Feature record: CXX_FEATURE:1cxx_final
    Feature record: CXX_FEATURE:1cxx_func_identifier
    Feature record: CXX_FEATURE:1cxx_generalized_initializers
    Feature record: CXX_FEATURE:0cxx_generic_lambdas
    Feature record: CXX_FEATURE:1cxx_inheriting_constructors
    Feature record: CXX_FEATURE:1cxx_inline_namespaces
    Feature record: CXX_FEATURE:1cxx_lambdas
    Feature record: CXX_FEATURE:0cxx_lambda_init_captures
    Feature record: CXX_FEATURE:1cxx_local_type_template_args
    Feature record: CXX_FEATURE:1cxx_long_long_type
    Feature record: CXX_FEATURE:1cxx_noexcept
    Feature record: CXX_FEATURE:1cxx_nonstatic_member_init
    Feature record: CXX_FEATURE:1cxx_nullptr
    Feature record: CXX_FEATURE:1cxx_override
    Feature record: CXX_FEATURE:1cxx_range_for
    Feature record: CXX_FEATURE:1cxx_raw_string_literals
    Feature record: CXX_FEATURE:1cxx_reference_qualified_functions
    Feature record: CXX_FEATURE:0cxx_relaxed_constexpr
    Feature record: CXX_FEATURE:0cxx_return_type_deduction
    Feature record: CXX_FEATURE:1cxx_right_angle_brackets
    Feature record: CXX_FEATURE:1cxx_rvalue_references
    Feature record: CXX_FEATURE:1cxx_sizeof_member
    Feature record: CXX_FEATURE:1cxx_static_assert
    Feature record: CXX_FEATURE:1cxx_strong_enums
    Feature record: CXX_FEATURE:1cxx_template_template_parameters
    Feature record: CXX_FEATURE:1cxx_thread_local
    Feature record: CXX_FEATURE:1cxx_trailing_return_types
    Feature record: CXX_FEATURE:1cxx_unicode_literals
    Feature record: CXX_FEATURE:1cxx_uniform_initialization
    Feature record: CXX_FEATURE:1cxx_unrestricted_unions
    Feature record: CXX_FEATURE:1cxx_user_literals
    Feature record: CXX_FEATURE:0cxx_variable_templates
    Feature record: CXX_FEATURE:1cxx_variadic_macros
    Feature record: CXX_FEATURE:1cxx_variadic_templates


Detecting CXX [-std=c++98] compiler features compiled with the following output:
Change Dir: /home/gavin/projects/playground/out/CMakeFiles/CMakeTmp

Run Build Command:"/usr/bin/gmake" "cmTC_8f8ec/fast"
/usr/bin/gmake -f CMakeFiles/cmTC_8f8ec.dir/build.make CMakeFiles/cmTC_8f8ec.dir/build
gmake[1]: Entering directory '/home/gavin/projects/playground/out/CMakeFiles/CMakeTmp'
Building CXX object CMakeFiles/cmTC_8f8ec.dir/feature_tests.cxx.o
/usr/bin/clang++    -std=c++98 -o CMakeFiles/cmTC_8f8ec.dir/feature_tests.cxx.o -c /home/gavin/projects/playground/out/CMakeFiles/feature_tests.cxx
Linking CXX executable cmTC_8f8ec
/usr/bin/cmake -E cmake_link_script CMakeFiles/cmTC_8f8ec.dir/link.txt --verbose=1
/usr/bin/clang++        CMakeFiles/cmTC_8f8ec.dir/feature_tests.cxx.o  -o cmTC_8f8ec -rdynamic 
gmake[1]: Leaving directory '/home/gavin/projects/playground/out/CMakeFiles/CMakeTmp'


    Feature record: CXX_FEATURE:0cxx_aggregate_default_initializers
    Feature record: CXX_FEATURE:0cxx_alias_templates
    Feature record: CXX_FEATURE:0cxx_alignas
    Feature record: CXX_FEATURE:0cxx_alignof
    Feature record: CXX_FEATURE:0cxx_attributes
    Feature record: CXX_FEATURE:0cxx_attribute_deprecated
    Feature record: CXX_FEATURE:0cxx_auto_type
    Feature record: CXX_FEATURE:0cxx_binary_literals
    Feature record: CXX_FEATURE:0cxx_constexpr
    Feature record: CXX_FEATURE:0cxx_contextual_conversions
    Feature record: CXX_FEATURE:0cxx_decltype
    Feature record: CXX_FEATURE:0cxx_decltype_auto
    Feature record: CXX_FEATURE:0cxx_decltype_incomplete_return_types
    Feature record: CXX_FEATURE:0cxx_default_function_template_args
    Feature record: CXX_FEATURE:0cxx_defaulted_functions
    Feature record: CXX_FEATURE:0cxx_defaulted_move_initializers
    Feature record: CXX_FEATURE:0cxx_delegating_constructors
    Feature record: CXX_FEATURE:0cxx_deleted_functions
    Feature record: CXX_FEATURE:0cxx_digit_separators
    Feature record: CXX_FEATURE:0cxx_enum_forward_declarations
    Feature record: CXX_FEATURE:0cxx_explicit_conversions
    Feature record: CXX_FEATURE:0cxx_extended_friend_declarations
    Feature record: CXX_FEATURE:0cxx_extern_templates
    Feature record: CXX_FEATURE:0cxx_final
    Feature record: CXX_FEATURE:0cxx_func_identifier
    Feature record: CXX_FEATURE:0cxx_generalized_initializers
    Feature record: CXX_FEATURE:0cxx_generic_lambdas
    Feature record: CXX_FEATURE:0cxx_inheriting_constructors
    Feature record: CXX_FEATURE:0cxx_inline_namespaces
    Feature record: CXX_FEATURE:0cxx_lambdas
    Feature record: CXX_FEATURE:0cxx_lambda_init_captures
    Feature record: CXX_FEATURE:0cxx_local_type_template_args
    Feature record: CXX_FEATURE:0cxx_long_long_type
    Feature record: CXX_FEATURE:0cxx_noexcept
    Feature record: CXX_FEATURE:0cxx_nonstatic_member_init
    Feature record: CXX_FEATURE:0cxx_nullptr
    Feature record: CXX_FEATURE:0cxx_override
    Feature record: CXX_FEATURE:0cxx_range_for
    Feature record: CXX_FEATURE:0cxx_raw_string_literals
    Feature record: CXX_FEATURE:0cxx_reference_qualified_functions
    Feature record: CXX_FEATURE:0cxx_relaxed_constexpr
    Feature record: CXX_FEATURE:0cxx_return_type_deduction
    Feature record: CXX_FEATURE:0cxx_right_angle_brackets
    Feature record: CXX_FEATURE:0cxx_rvalue_references
    Feature record: CXX_FEATURE:0cxx_sizeof_member
    Feature record: CXX_FEATURE:0cxx_static_assert
    Feature record: CXX_FEATURE:0cxx_strong_enums
    Feature record: CXX_FEATURE:1cxx_template_template_parameters
    Feature record: CXX_FEATURE:0cxx_thread_local
    Feature record: CXX_FEATURE:0cxx_trailing_return_types
    Feature record: CXX_FEATURE:0cxx_unicode_literals
    Feature record: CXX_FEATURE:0cxx_uniform_initialization
    Feature record: CXX_FEATURE:0cxx_unrestricted_unions
    Feature record: CXX_FEATURE:0cxx_user_literals
    Feature record: CXX_FEATURE:0cxx_variable_templates
    Feature record: CXX_FEATURE:0cxx_variadic_macros
    Feature record: CXX_FEATURE:0cxx_variadic_templates
=======
  implicit dirs: [/usr/lib64/gcc/x86_64-suse-linux/4.8;/usr/lib64;/lib64;/usr/x86_64-suse-linux/lib;/usr/lib;/lib]
  implicit fwks: []


>>>>>>> e22755c80a272351e8d52d390663123e2a0e3b0d
