The system is: Linux - 3.16.7-24-desktop - x86_64
Compiling the C compiler identification source file "CMakeCCompilerId.c" succeeded.
Compiler: /usr/bin/clang 
Build flags: 
Id flags: 

The output was:
0


Compilation of the C compiler identification source "CMakeCCompilerId.c" produced "a.out"

The C compiler identification is Clang, found in "/home/gavin/projects/proj2/out/CMakeFiles/3.0.2/CompilerIdC/a.out"

Compiling the CXX compiler identification source file "CMakeCXXCompilerId.cpp" succeeded.
Compiler: /usr/bin/clang++ 
Build flags: 
Id flags: 

The output was:
0


Compilation of the CXX compiler identification source "CMakeCXXCompilerId.cpp" produced "a.out"

The CXX compiler identification is Clang, found in "/home/gavin/projects/proj2/out/CMakeFiles/3.0.2/CompilerIdCXX/a.out"

Determining if the C compiler works passed with the following output:
Change Dir: /home/gavin/projects/proj2/out/CMakeFiles/CMakeTmp

Run Build Command:"/usr/bin/gmake" "cmTryCompileExec3463722033/fast"
/usr/bin/gmake -f CMakeFiles/cmTryCompileExec3463722033.dir/build.make CMakeFiles/cmTryCompileExec3463722033.dir/build
gmake[1]: Entering directory '/home/gavin/projects/proj2/out/CMakeFiles/CMakeTmp'
/usr/bin/cmake -E cmake_progress_report /home/gavin/projects/proj2/out/CMakeFiles/CMakeTmp/CMakeFiles 1
Building C object CMakeFiles/cmTryCompileExec3463722033.dir/testCCompiler.c.o
/usr/bin/clang    -o CMakeFiles/cmTryCompileExec3463722033.dir/testCCompiler.c.o   -c /home/gavin/projects/proj2/out/CMakeFiles/CMakeTmp/testCCompiler.c
Linking C executable cmTryCompileExec3463722033
/usr/bin/cmake -E cmake_link_script CMakeFiles/cmTryCompileExec3463722033.dir/link.txt --verbose=1
/usr/bin/clang       CMakeFiles/cmTryCompileExec3463722033.dir/testCCompiler.c.o  -o cmTryCompileExec3463722033 -rdynamic 
gmake[1]: Leaving directory '/home/gavin/projects/proj2/out/CMakeFiles/CMakeTmp'


Detecting C compiler ABI info compiled with the following output:
Change Dir: /home/gavin/projects/proj2/out/CMakeFiles/CMakeTmp

Run Build Command:"/usr/bin/gmake" "cmTryCompileExec657080593/fast"
/usr/bin/gmake -f CMakeFiles/cmTryCompileExec657080593.dir/build.make CMakeFiles/cmTryCompileExec657080593.dir/build
gmake[1]: Entering directory '/home/gavin/projects/proj2/out/CMakeFiles/CMakeTmp'
/usr/bin/cmake -E cmake_progress_report /home/gavin/projects/proj2/out/CMakeFiles/CMakeTmp/CMakeFiles 1
Building C object CMakeFiles/cmTryCompileExec657080593.dir/CMakeCCompilerABI.c.o
/usr/bin/clang    -o CMakeFiles/cmTryCompileExec657080593.dir/CMakeCCompilerABI.c.o   -c /usr/share/cmake/Modules/CMakeCCompilerABI.c
Linking C executable cmTryCompileExec657080593
/usr/bin/cmake -E cmake_link_script CMakeFiles/cmTryCompileExec657080593.dir/link.txt --verbose=1
/usr/bin/clang     -v CMakeFiles/cmTryCompileExec657080593.dir/CMakeCCompilerABI.c.o  -o cmTryCompileExec657080593 -rdynamic  
clang version 3.5.0 (tags/RELEASE_350/final 216961)
Target: x86_64-suse-linux
Thread model: posix
Found candidate GCC installation: /usr/bin/../lib64/gcc/x86_64-suse-linux/4.8
Found candidate GCC installation: /usr/lib64/gcc/x86_64-suse-linux/4.8
Selected GCC installation: /usr/bin/../lib64/gcc/x86_64-suse-linux/4.8
Candidate multilib: .;@m64
Selected multilib: .;@m64
 "/usr/bin/ld" -export-dynamic -z relro --hash-style=gnu --hash-style=both --build-id --enable-new-dtags --eh-frame-hdr -m elf_x86_64 -dynamic-linker /lib64/ld-linux-x86-64.so.2 -o cmTryCompileExec657080593 /usr/bin/../lib64/gcc/x86_64-suse-linux/4.8/../../../../lib64/crt1.o /usr/bin/../lib64/gcc/x86_64-suse-linux/4.8/../../../../lib64/crti.o /usr/bin/../lib64/gcc/x86_64-suse-linux/4.8/crtbegin.o -L/usr/bin/../lib64/gcc/x86_64-suse-linux/4.8 -L/usr/bin/../lib64/gcc/x86_64-suse-linux/4.8/../../../../lib64 -L/usr/bin/../lib64 -L/lib/../lib64 -L/usr/lib/../lib64 -L/usr/bin/../lib64/gcc/x86_64-suse-linux/4.8/../../../../x86_64-suse-linux/lib -L/usr/bin/../lib64/gcc/x86_64-suse-linux/4.8/../../.. -L/usr/bin/../lib -L/lib -L/usr/lib CMakeFiles/cmTryCompileExec657080593.dir/CMakeCCompilerABI.c.o -lgcc --as-needed -lgcc_s --no-as-needed -lc -lgcc --as-needed -lgcc_s --no-as-needed /usr/bin/../lib64/gcc/x86_64-suse-linux/4.8/crtend.o /usr/bin/../lib64/gcc/x86_64-suse-linux/4.8/../../../../lib64/crtn.o
gmake[1]: Leaving directory '/home/gavin/projects/proj2/out/CMakeFiles/CMakeTmp'


Parsed C implicit link information from above output:
  link line regex: [^( *|.*[/\])(ld|([^/\]+-)?ld|collect2)[^/\]*( |$)]
  ignore line: [Change Dir: /home/gavin/projects/proj2/out/CMakeFiles/CMakeTmp]
  ignore line: []
  ignore line: [Run Build Command:"/usr/bin/gmake" "cmTryCompileExec657080593/fast"]
  ignore line: [/usr/bin/gmake -f CMakeFiles/cmTryCompileExec657080593.dir/build.make CMakeFiles/cmTryCompileExec657080593.dir/build]
  ignore line: [gmake[1]: Entering directory '/home/gavin/projects/proj2/out/CMakeFiles/CMakeTmp']
  ignore line: [/usr/bin/cmake -E cmake_progress_report /home/gavin/projects/proj2/out/CMakeFiles/CMakeTmp/CMakeFiles 1]
  ignore line: [Building C object CMakeFiles/cmTryCompileExec657080593.dir/CMakeCCompilerABI.c.o]
  ignore line: [/usr/bin/clang    -o CMakeFiles/cmTryCompileExec657080593.dir/CMakeCCompilerABI.c.o   -c /usr/share/cmake/Modules/CMakeCCompilerABI.c]
  ignore line: [Linking C executable cmTryCompileExec657080593]
  ignore line: [/usr/bin/cmake -E cmake_link_script CMakeFiles/cmTryCompileExec657080593.dir/link.txt --verbose=1]
  ignore line: [/usr/bin/clang     -v CMakeFiles/cmTryCompileExec657080593.dir/CMakeCCompilerABI.c.o  -o cmTryCompileExec657080593 -rdynamic  ]
  ignore line: [clang version 3.5.0 (tags/RELEASE_350/final 216961)]
  ignore line: [Target: x86_64-suse-linux]
  ignore line: [Thread model: posix]
  ignore line: [Found candidate GCC installation: /usr/bin/../lib64/gcc/x86_64-suse-linux/4.8]
  ignore line: [Found candidate GCC installation: /usr/lib64/gcc/x86_64-suse-linux/4.8]
  ignore line: [Selected GCC installation: /usr/bin/../lib64/gcc/x86_64-suse-linux/4.8]
  ignore line: [Candidate multilib: .]
  ignore line: [@m64]
  ignore line: [Selected multilib: .]
  ignore line: [@m64]
  link line: [ "/usr/bin/ld" -export-dynamic -z relro --hash-style=gnu --hash-style=both --build-id --enable-new-dtags --eh-frame-hdr -m elf_x86_64 -dynamic-linker /lib64/ld-linux-x86-64.so.2 -o cmTryCompileExec657080593 /usr/bin/../lib64/gcc/x86_64-suse-linux/4.8/../../../../lib64/crt1.o /usr/bin/../lib64/gcc/x86_64-suse-linux/4.8/../../../../lib64/crti.o /usr/bin/../lib64/gcc/x86_64-suse-linux/4.8/crtbegin.o -L/usr/bin/../lib64/gcc/x86_64-suse-linux/4.8 -L/usr/bin/../lib64/gcc/x86_64-suse-linux/4.8/../../../../lib64 -L/usr/bin/../lib64 -L/lib/../lib64 -L/usr/lib/../lib64 -L/usr/bin/../lib64/gcc/x86_64-suse-linux/4.8/../../../../x86_64-suse-linux/lib -L/usr/bin/../lib64/gcc/x86_64-suse-linux/4.8/../../.. -L/usr/bin/../lib -L/lib -L/usr/lib CMakeFiles/cmTryCompileExec657080593.dir/CMakeCCompilerABI.c.o -lgcc --as-needed -lgcc_s --no-as-needed -lc -lgcc --as-needed -lgcc_s --no-as-needed /usr/bin/../lib64/gcc/x86_64-suse-linux/4.8/crtend.o /usr/bin/../lib64/gcc/x86_64-suse-linux/4.8/../../../../lib64/crtn.o]
    arg [/usr/bin/ld] ==> ignore
    arg [-export-dynamic] ==> ignore
    arg [-zrelro] ==> ignore
    arg [--hash-style=gnu] ==> ignore
    arg [--hash-style=both] ==> ignore
    arg [--build-id] ==> ignore
    arg [--enable-new-dtags] ==> ignore
    arg [--eh-frame-hdr] ==> ignore
    arg [-m] ==> ignore
    arg [elf_x86_64] ==> ignore
    arg [-dynamic-linker] ==> ignore
    arg [/lib64/ld-linux-x86-64.so.2] ==> ignore
    arg [-o] ==> ignore
    arg [cmTryCompileExec657080593] ==> ignore
    arg [/usr/bin/../lib64/gcc/x86_64-suse-linux/4.8/../../../../lib64/crt1.o] ==> ignore
    arg [/usr/bin/../lib64/gcc/x86_64-suse-linux/4.8/../../../../lib64/crti.o] ==> ignore
    arg [/usr/bin/../lib64/gcc/x86_64-suse-linux/4.8/crtbegin.o] ==> ignore
    arg [-L/usr/bin/../lib64/gcc/x86_64-suse-linux/4.8] ==> dir [/usr/bin/../lib64/gcc/x86_64-suse-linux/4.8]
    arg [-L/usr/bin/../lib64/gcc/x86_64-suse-linux/4.8/../../../../lib64] ==> dir [/usr/bin/../lib64/gcc/x86_64-suse-linux/4.8/../../../../lib64]
    arg [-L/usr/bin/../lib64] ==> dir [/usr/bin/../lib64]
    arg [-L/lib/../lib64] ==> dir [/lib/../lib64]
    arg [-L/usr/lib/../lib64] ==> dir [/usr/lib/../lib64]
    arg [-L/usr/bin/../lib64/gcc/x86_64-suse-linux/4.8/../../../../x86_64-suse-linux/lib] ==> dir [/usr/bin/../lib64/gcc/x86_64-suse-linux/4.8/../../../../x86_64-suse-linux/lib]
    arg [-L/usr/bin/../lib64/gcc/x86_64-suse-linux/4.8/../../..] ==> dir [/usr/bin/../lib64/gcc/x86_64-suse-linux/4.8/../../..]
    arg [-L/usr/bin/../lib] ==> dir [/usr/bin/../lib]
    arg [-L/lib] ==> dir [/lib]
    arg [-L/usr/lib] ==> dir [/usr/lib]
    arg [CMakeFiles/cmTryCompileExec657080593.dir/CMakeCCompilerABI.c.o] ==> ignore
    arg [-lgcc] ==> lib [gcc]
    arg [--as-needed] ==> ignore
    arg [-lgcc_s] ==> lib [gcc_s]
    arg [--no-as-needed] ==> ignore
    arg [-lc] ==> lib [c]
    arg [-lgcc] ==> lib [gcc]
    arg [--as-needed] ==> ignore
    arg [-lgcc_s] ==> lib [gcc_s]
    arg [--no-as-needed] ==> ignore
    arg [/usr/bin/../lib64/gcc/x86_64-suse-linux/4.8/crtend.o] ==> ignore
    arg [/usr/bin/../lib64/gcc/x86_64-suse-linux/4.8/../../../../lib64/crtn.o] ==> ignore
  remove lib [gcc]
  remove lib [gcc_s]
  remove lib [gcc]
  remove lib [gcc_s]
  collapse library dir [/usr/bin/../lib64/gcc/x86_64-suse-linux/4.8] ==> [/usr/lib64/gcc/x86_64-suse-linux/4.8]
  collapse library dir [/usr/bin/../lib64/gcc/x86_64-suse-linux/4.8/../../../../lib64] ==> [/usr/lib64]
  collapse library dir [/usr/bin/../lib64] ==> [/usr/lib64]
  collapse library dir [/lib/../lib64] ==> [/lib64]
  collapse library dir [/usr/lib/../lib64] ==> [/usr/lib64]
  collapse library dir [/usr/bin/../lib64/gcc/x86_64-suse-linux/4.8/../../../../x86_64-suse-linux/lib] ==> [/usr/x86_64-suse-linux/lib]
  collapse library dir [/usr/bin/../lib64/gcc/x86_64-suse-linux/4.8/../../..] ==> [/usr/lib64]
  collapse library dir [/usr/bin/../lib] ==> [/usr/lib]
  collapse library dir [/lib] ==> [/lib]
  collapse library dir [/usr/lib] ==> [/usr/lib]
  implicit libs: [c]
  implicit dirs: [/usr/lib64/gcc/x86_64-suse-linux/4.8;/usr/lib64;/lib64;/usr/x86_64-suse-linux/lib;/usr/lib;/lib]
  implicit fwks: []


Determining if the CXX compiler works passed with the following output:
Change Dir: /home/gavin/projects/proj2/out/CMakeFiles/CMakeTmp

Run Build Command:"/usr/bin/gmake" "cmTryCompileExec2445338753/fast"
/usr/bin/gmake -f CMakeFiles/cmTryCompileExec2445338753.dir/build.make CMakeFiles/cmTryCompileExec2445338753.dir/build
gmake[1]: Entering directory '/home/gavin/projects/proj2/out/CMakeFiles/CMakeTmp'
/usr/bin/cmake -E cmake_progress_report /home/gavin/projects/proj2/out/CMakeFiles/CMakeTmp/CMakeFiles 1
Building CXX object CMakeFiles/cmTryCompileExec2445338753.dir/testCXXCompiler.cxx.o
/usr/bin/clang++     -o CMakeFiles/cmTryCompileExec2445338753.dir/testCXXCompiler.cxx.o -c /home/gavin/projects/proj2/out/CMakeFiles/CMakeTmp/testCXXCompiler.cxx
Linking CXX executable cmTryCompileExec2445338753
/usr/bin/cmake -E cmake_link_script CMakeFiles/cmTryCompileExec2445338753.dir/link.txt --verbose=1
/usr/bin/clang++        CMakeFiles/cmTryCompileExec2445338753.dir/testCXXCompiler.cxx.o  -o cmTryCompileExec2445338753 -rdynamic 
gmake[1]: Leaving directory '/home/gavin/projects/proj2/out/CMakeFiles/CMakeTmp'


Detecting CXX compiler ABI info compiled with the following output:
Change Dir: /home/gavin/projects/proj2/out/CMakeFiles/CMakeTmp

Run Build Command:"/usr/bin/gmake" "cmTryCompileExec1921362963/fast"
/usr/bin/gmake -f CMakeFiles/cmTryCompileExec1921362963.dir/build.make CMakeFiles/cmTryCompileExec1921362963.dir/build
gmake[1]: Entering directory '/home/gavin/projects/proj2/out/CMakeFiles/CMakeTmp'
/usr/bin/cmake -E cmake_progress_report /home/gavin/projects/proj2/out/CMakeFiles/CMakeTmp/CMakeFiles 1
Building CXX object CMakeFiles/cmTryCompileExec1921362963.dir/CMakeCXXCompilerABI.cpp.o
/usr/bin/clang++     -o CMakeFiles/cmTryCompileExec1921362963.dir/CMakeCXXCompilerABI.cpp.o -c /usr/share/cmake/Modules/CMakeCXXCompilerABI.cpp
Linking CXX executable cmTryCompileExec1921362963
/usr/bin/cmake -E cmake_link_script CMakeFiles/cmTryCompileExec1921362963.dir/link.txt --verbose=1
/usr/bin/clang++      -v CMakeFiles/cmTryCompileExec1921362963.dir/CMakeCXXCompilerABI.cpp.o  -o cmTryCompileExec1921362963 -rdynamic  
clang version 3.5.0 (tags/RELEASE_350/final 216961)
Target: x86_64-suse-linux
Thread model: posix
Found candidate GCC installation: /usr/bin/../lib64/gcc/x86_64-suse-linux/4.8
Found candidate GCC installation: /usr/lib64/gcc/x86_64-suse-linux/4.8
Selected GCC installation: /usr/bin/../lib64/gcc/x86_64-suse-linux/4.8
Candidate multilib: .;@m64
Selected multilib: .;@m64
 "/usr/bin/ld" -export-dynamic -z relro --hash-style=gnu --hash-style=both --build-id --enable-new-dtags --eh-frame-hdr -m elf_x86_64 -dynamic-linker /lib64/ld-linux-x86-64.so.2 -o cmTryCompileExec1921362963 /usr/bin/../lib64/gcc/x86_64-suse-linux/4.8/../../../../lib64/crt1.o /usr/bin/../lib64/gcc/x86_64-suse-linux/4.8/../../../../lib64/crti.o /usr/bin/../lib64/gcc/x86_64-suse-linux/4.8/crtbegin.o -L/usr/bin/../lib64/gcc/x86_64-suse-linux/4.8 -L/usr/bin/../lib64/gcc/x86_64-suse-linux/4.8/../../../../lib64 -L/usr/bin/../lib64 -L/lib/../lib64 -L/usr/lib/../lib64 -L/usr/bin/../lib64/gcc/x86_64-suse-linux/4.8/../../../../x86_64-suse-linux/lib -L/usr/bin/../lib64/gcc/x86_64-suse-linux/4.8/../../.. -L/usr/bin/../lib -L/lib -L/usr/lib CMakeFiles/cmTryCompileExec1921362963.dir/CMakeCXXCompilerABI.cpp.o -lstdc++ -lm -lgcc_s -lgcc -lc -lgcc_s -lgcc /usr/bin/../lib64/gcc/x86_64-suse-linux/4.8/crtend.o /usr/bin/../lib64/gcc/x86_64-suse-linux/4.8/../../../../lib64/crtn.o
gmake[1]: Leaving directory '/home/gavin/projects/proj2/out/CMakeFiles/CMakeTmp'


Parsed CXX implicit link information from above output:
  link line regex: [^( *|.*[/\])(ld|([^/\]+-)?ld|collect2)[^/\]*( |$)]
  ignore line: [Change Dir: /home/gavin/projects/proj2/out/CMakeFiles/CMakeTmp]
  ignore line: []
  ignore line: [Run Build Command:"/usr/bin/gmake" "cmTryCompileExec1921362963/fast"]
  ignore line: [/usr/bin/gmake -f CMakeFiles/cmTryCompileExec1921362963.dir/build.make CMakeFiles/cmTryCompileExec1921362963.dir/build]
  ignore line: [gmake[1]: Entering directory '/home/gavin/projects/proj2/out/CMakeFiles/CMakeTmp']
  ignore line: [/usr/bin/cmake -E cmake_progress_report /home/gavin/projects/proj2/out/CMakeFiles/CMakeTmp/CMakeFiles 1]
  ignore line: [Building CXX object CMakeFiles/cmTryCompileExec1921362963.dir/CMakeCXXCompilerABI.cpp.o]
  ignore line: [/usr/bin/clang++     -o CMakeFiles/cmTryCompileExec1921362963.dir/CMakeCXXCompilerABI.cpp.o -c /usr/share/cmake/Modules/CMakeCXXCompilerABI.cpp]
  ignore line: [Linking CXX executable cmTryCompileExec1921362963]
  ignore line: [/usr/bin/cmake -E cmake_link_script CMakeFiles/cmTryCompileExec1921362963.dir/link.txt --verbose=1]
  ignore line: [/usr/bin/clang++      -v CMakeFiles/cmTryCompileExec1921362963.dir/CMakeCXXCompilerABI.cpp.o  -o cmTryCompileExec1921362963 -rdynamic  ]
  ignore line: [clang version 3.5.0 (tags/RELEASE_350/final 216961)]
  ignore line: [Target: x86_64-suse-linux]
  ignore line: [Thread model: posix]
  ignore line: [Found candidate GCC installation: /usr/bin/../lib64/gcc/x86_64-suse-linux/4.8]
  ignore line: [Found candidate GCC installation: /usr/lib64/gcc/x86_64-suse-linux/4.8]
  ignore line: [Selected GCC installation: /usr/bin/../lib64/gcc/x86_64-suse-linux/4.8]
  ignore line: [Candidate multilib: .]
  ignore line: [@m64]
  ignore line: [Selected multilib: .]
  ignore line: [@m64]
  link line: [ "/usr/bin/ld" -export-dynamic -z relro --hash-style=gnu --hash-style=both --build-id --enable-new-dtags --eh-frame-hdr -m elf_x86_64 -dynamic-linker /lib64/ld-linux-x86-64.so.2 -o cmTryCompileExec1921362963 /usr/bin/../lib64/gcc/x86_64-suse-linux/4.8/../../../../lib64/crt1.o /usr/bin/../lib64/gcc/x86_64-suse-linux/4.8/../../../../lib64/crti.o /usr/bin/../lib64/gcc/x86_64-suse-linux/4.8/crtbegin.o -L/usr/bin/../lib64/gcc/x86_64-suse-linux/4.8 -L/usr/bin/../lib64/gcc/x86_64-suse-linux/4.8/../../../../lib64 -L/usr/bin/../lib64 -L/lib/../lib64 -L/usr/lib/../lib64 -L/usr/bin/../lib64/gcc/x86_64-suse-linux/4.8/../../../../x86_64-suse-linux/lib -L/usr/bin/../lib64/gcc/x86_64-suse-linux/4.8/../../.. -L/usr/bin/../lib -L/lib -L/usr/lib CMakeFiles/cmTryCompileExec1921362963.dir/CMakeCXXCompilerABI.cpp.o -lstdc++ -lm -lgcc_s -lgcc -lc -lgcc_s -lgcc /usr/bin/../lib64/gcc/x86_64-suse-linux/4.8/crtend.o /usr/bin/../lib64/gcc/x86_64-suse-linux/4.8/../../../../lib64/crtn.o]
    arg [/usr/bin/ld] ==> ignore
    arg [-export-dynamic] ==> ignore
    arg [-zrelro] ==> ignore
    arg [--hash-style=gnu] ==> ignore
    arg [--hash-style=both] ==> ignore
    arg [--build-id] ==> ignore
    arg [--enable-new-dtags] ==> ignore
    arg [--eh-frame-hdr] ==> ignore
    arg [-m] ==> ignore
    arg [elf_x86_64] ==> ignore
    arg [-dynamic-linker] ==> ignore
    arg [/lib64/ld-linux-x86-64.so.2] ==> ignore
    arg [-o] ==> ignore
    arg [cmTryCompileExec1921362963] ==> ignore
    arg [/usr/bin/../lib64/gcc/x86_64-suse-linux/4.8/../../../../lib64/crt1.o] ==> ignore
    arg [/usr/bin/../lib64/gcc/x86_64-suse-linux/4.8/../../../../lib64/crti.o] ==> ignore
    arg [/usr/bin/../lib64/gcc/x86_64-suse-linux/4.8/crtbegin.o] ==> ignore
    arg [-L/usr/bin/../lib64/gcc/x86_64-suse-linux/4.8] ==> dir [/usr/bin/../lib64/gcc/x86_64-suse-linux/4.8]
    arg [-L/usr/bin/../lib64/gcc/x86_64-suse-linux/4.8/../../../../lib64] ==> dir [/usr/bin/../lib64/gcc/x86_64-suse-linux/4.8/../../../../lib64]
    arg [-L/usr/bin/../lib64] ==> dir [/usr/bin/../lib64]
    arg [-L/lib/../lib64] ==> dir [/lib/../lib64]
    arg [-L/usr/lib/../lib64] ==> dir [/usr/lib/../lib64]
    arg [-L/usr/bin/../lib64/gcc/x86_64-suse-linux/4.8/../../../../x86_64-suse-linux/lib] ==> dir [/usr/bin/../lib64/gcc/x86_64-suse-linux/4.8/../../../../x86_64-suse-linux/lib]
    arg [-L/usr/bin/../lib64/gcc/x86_64-suse-linux/4.8/../../..] ==> dir [/usr/bin/../lib64/gcc/x86_64-suse-linux/4.8/../../..]
    arg [-L/usr/bin/../lib] ==> dir [/usr/bin/../lib]
    arg [-L/lib] ==> dir [/lib]
    arg [-L/usr/lib] ==> dir [/usr/lib]
    arg [CMakeFiles/cmTryCompileExec1921362963.dir/CMakeCXXCompilerABI.cpp.o] ==> ignore
    arg [-lstdc++] ==> lib [stdc++]
    arg [-lm] ==> lib [m]
    arg [-lgcc_s] ==> lib [gcc_s]
    arg [-lgcc] ==> lib [gcc]
    arg [-lc] ==> lib [c]
    arg [-lgcc_s] ==> lib [gcc_s]
    arg [-lgcc] ==> lib [gcc]
    arg [/usr/bin/../lib64/gcc/x86_64-suse-linux/4.8/crtend.o] ==> ignore
    arg [/usr/bin/../lib64/gcc/x86_64-suse-linux/4.8/../../../../lib64/crtn.o] ==> ignore
  remove lib [gcc_s]
  remove lib [gcc]
  remove lib [gcc_s]
  remove lib [gcc]
  collapse library dir [/usr/bin/../lib64/gcc/x86_64-suse-linux/4.8] ==> [/usr/lib64/gcc/x86_64-suse-linux/4.8]
  collapse library dir [/usr/bin/../lib64/gcc/x86_64-suse-linux/4.8/../../../../lib64] ==> [/usr/lib64]
  collapse library dir [/usr/bin/../lib64] ==> [/usr/lib64]
  collapse library dir [/lib/../lib64] ==> [/lib64]
  collapse library dir [/usr/lib/../lib64] ==> [/usr/lib64]
  collapse library dir [/usr/bin/../lib64/gcc/x86_64-suse-linux/4.8/../../../../x86_64-suse-linux/lib] ==> [/usr/x86_64-suse-linux/lib]
  collapse library dir [/usr/bin/../lib64/gcc/x86_64-suse-linux/4.8/../../..] ==> [/usr/lib64]
  collapse library dir [/usr/bin/../lib] ==> [/usr/lib]
  collapse library dir [/lib] ==> [/lib]
  collapse library dir [/usr/lib] ==> [/usr/lib]
  implicit libs: [stdc++;m;c]
  implicit dirs: [/usr/lib64/gcc/x86_64-suse-linux/4.8;/usr/lib64;/lib64;/usr/x86_64-suse-linux/lib;/usr/lib;/lib]
  implicit fwks: []


